"H:/Game_project/TankGame-master 4.22/Content/TestMap_BuiltData.uasset" 0
"H:/Game_project/TankGame-master 4.22/Content/StarterContent/Textures/T_ground_Moss_D.uasset" 1
"H:/Game_project/TankGame-master 4.22/Content/StarterContent/Textures/T_Rock_Basalt_D.uasset" 2
"H:/Game_project/TankGame-master 4.22/Content/Assests/Land.uasset" 3
"H:/Game_project/TankGame-master 4.22/Content/StarterContent/Textures/T_Burst_M.uasset" 4
"H:/Game_project/TankGame-master 4.22/Content/StarterContent/Particles/Materials/M_Burst.uasset" 5
"H:/Game_project/TankGame-master 4.22/Content/StarterContent/Textures/T_Explosion_SubUV.uasset" 6
"H:/Game_project/TankGame-master 4.22/Content/StarterContent/Particles/Materials/M_explosion_subUV.uasset" 7
"H:/Game_project/TankGame-master 4.22/Content/StarterContent/Particles/Materials/m_flare_01.uasset" 8
"H:/Game_project/TankGame-master 4.22/Content/StarterContent/Textures/T_Smoke_SubUV.uasset" 9
"H:/Game_project/TankGame-master 4.22/Content/StarterContent/Textures/T_Smoke_Tiled_D.uasset" 10
"H:/Game_project/TankGame-master 4.22/Content/StarterContent/Particles/Materials/M_smoke_subUV.uasset" 11
"H:/Game_project/TankGame-master 4.22/Content/Blueprints/Projectile/P_Explosion.uasset" 12
"H:/Game_project/TankGame-master 4.22/Content/Blueprints/Projectile/P_Lanuch.uasset" 13
"H:/Game_project/TankGame-master 4.22/Content/StarterContent/Materials/M_Basic_Wall.uasset" 14
"H:/Game_project/TankGame-master 4.22/Content/StarterContent/Shapes/Shape_Sphere.uasset" 15
"H:/Game_project/TankGame-master 4.22/Content/Blueprints/Projectile/BP_Projectile.uasset" 16
"H:/Game_project/TankGame-master 4.22/Content/Assests/M_Blue.uasset" 17
"H:/Game_project/TankGame-master 4.22/Content/Assests/M_Red.uasset" 18
"H:/Game_project/TankGame-master 4.22/Content/Blueprints/UI/HpBar.uasset" 19
"../../../Engine/Content/Functions/Engine_MaterialFunctions01/Opacity/CameraDepthFade.uasset" 20
"../../../Engine/Content/EngineMaterials/T_Default_Material_Grid_M.uasset" 21
"../../../Engine/Content/EngineMaterials/T_Default_Material_Grid_N.uasset" 22
"../../../Engine/Content/EngineMaterials/WorldGridMaterial.uasset" 23
"H:/Game_project/TankGame-master 4.22/Content/Assests/tank_fbx_Barrel.uasset" 24
"H:/Game_project/TankGame-master 4.22/Content/Assests/tank_fbx_Track.uasset" 25
"H:/Game_project/TankGame-master 4.22/Content/Assests/tank_fbx_Turret.uasset" 26
"H:/Game_project/TankGame-master 4.22/Content/Assests/tank_fbx_Body.uasset" 27
"H:/Game_project/TankGame-master 4.22/Content/Blueprints/NewPhysicalMaterial.uasset" 28
"H:/Game_project/TankGame-master 4.22/Content/Blueprints/Projectile/P_TankExplosion.uasset" 29
"H:/Game_project/TankGame-master 4.22/Content/Blueprints/BP_Tank.uasset" 30
"H:/Game_project/TankGame-master 4.22/Content/Blueprints/UI/MainUI.uasset" 31
"H:/Game_project/TankGame-master 4.22/Content/Blueprints/BP_TankPlayerController.uasset" 32
"H:/Game_project/TankGame-master 4.22/Content/Blueprints/BP_TankGameMode.uasset" 33
"H:/Game_project/TankGame-master 4.22/Content/StarterContent/Architecture/Pillar_50x500.uasset" 34
"H:/Game_project/TankGame-master 4.22/Content/StarterContent/Architecture/Wall_400x300.uasset" 35
"H:/Game_project/TankGame-master 4.22/Content/StarterContent/Architecture/Wall_400x400.uasset" 36
"H:/Game_project/TankGame-master 4.22/Content/StarterContent/Architecture/Wall_500x500.uasset" 37
"H:/Game_project/TankGame-master 4.22/Content/StarterContent/Architecture/Wall_Door_400x400.uasset" 38
"H:/Game_project/TankGame-master 4.22/Content/StarterContent/Architecture/Wall_Window_400x400.uasset" 39
"H:/Game_project/TankGame-master 4.22/Content/StarterContent/Audio/Collapse01.uasset" 40
"H:/Game_project/TankGame-master 4.22/Content/StarterContent/Audio/Collapse02.uasset" 41
"H:/Game_project/TankGame-master 4.22/Content/StarterContent/Audio/Explosion01.uasset" 42
"H:/Game_project/TankGame-master 4.22/Content/StarterContent/Audio/Explosion02.uasset" 43
"H:/Game_project/TankGame-master 4.22/Content/StarterContent/Audio/Fire01.uasset" 44
"H:/Game_project/TankGame-master 4.22/Content/StarterContent/Audio/Fire_Sparks01.uasset" 45
"H:/Game_project/TankGame-master 4.22/Content/StarterContent/Audio/Light01.uasset" 46
"H:/Game_project/TankGame-master 4.22/Content/StarterContent/Audio/Light01_Cue.uasset" 47
"H:/Game_project/TankGame-master 4.22/Content/StarterContent/Audio/Light02.uasset" 48
"H:/Game_project/TankGame-master 4.22/Content/StarterContent/Audio/Light02_Cue.uasset" 49
"H:/Game_project/TankGame-master 4.22/Content/StarterContent/Audio/Smoke01.uasset" 50
"H:/Game_project/TankGame-master 4.22/Content/StarterContent/Audio/Starter_Birds01.uasset" 51
"H:/Game_project/TankGame-master 4.22/Content/StarterContent/Audio/Starter_Music01.uasset" 52
"H:/Game_project/TankGame-master 4.22/Content/StarterContent/Audio/Starter_Wind05.uasset" 53
"H:/Game_project/TankGame-master 4.22/Content/StarterContent/Audio/Starter_Wind06.uasset" 54
"H:/Game_project/TankGame-master 4.22/Content/StarterContent/Audio/Steam01.uasset" 55
"H:/Game_project/TankGame-master 4.22/Content/StarterContent/Audio/Explosion_Cue.uasset" 56
"../../../Engine/Content/Functions/Engine_MaterialFunctions01/Gradient/RadialGradient.uasset" 57
"H:/Game_project/TankGame-master 4.22/Content/StarterContent/Particles/Materials/M_radial_ramp.uasset" 58
"H:/Game_project/TankGame-master 4.22/Content/StarterContent/Particles/P_Explosion.uasset" 59
"H:/Game_project/TankGame-master 4.22/Content/StarterContent/Blueprints/Blueprint_Effect_Explosion.uasset" 60
"../../../Engine/Content/EditorMeshes/ColorCalibrator/T_ColorGrid.uasset" 61
"H:/Game_project/TankGame-master 4.22/Content/StarterContent/Materials/M_ColorGrid_LowSpec.uasset" 62
"H:/Game_project/TankGame-master 4.22/Content/StarterContent/Textures/T_Bush_D.uasset" 63
"H:/Game_project/TankGame-master 4.22/Content/StarterContent/Textures/T_Bush_N.uasset" 64
"H:/Game_project/TankGame-master 4.22/Content/StarterContent/Props/Materials/M_Bush.uasset" 65
"H:/Game_project/TankGame-master 4.22/Content/StarterContent/Props/SM_Bush.uasset" 66
"H:/Game_project/TankGame-master 4.22/Content/StarterContent/Textures/T_Chair_M.uasset" 67
"H:/Game_project/TankGame-master 4.22/Content/StarterContent/Textures/T_Chair_N.uasset" 68
"H:/Game_project/TankGame-master 4.22/Content/StarterContent/Props/Materials/M_Chair.uasset" 69
"H:/Game_project/TankGame-master 4.22/Content/StarterContent/Props/SM_Couch.uasset" 70
"H:/Game_project/TankGame-master 4.22/Content/StarterContent/Materials/M_Glass.uasset" 71
"H:/Game_project/TankGame-master 4.22/Content/StarterContent/Textures/T_Door_M.uasset" 72
"H:/Game_project/TankGame-master 4.22/Content/StarterContent/Textures/T_Door_N.uasset" 73
"H:/Game_project/TankGame-master 4.22/Content/StarterContent/Props/Materials/M_Door.uasset" 74
"H:/Game_project/TankGame-master 4.22/Content/StarterContent/Props/SM_Door.uasset" 75
"H:/Game_project/TankGame-master 4.22/Content/StarterContent/Props/Materials/M_MaterialSphere.uasset" 76
"H:/Game_project/TankGame-master 4.22/Content/StarterContent/Props/Materials/M_MaterialSphere_Plain.uasset" 77
"H:/Game_project/TankGame-master 4.22/Content/StarterContent/Props/SM_MatPreviewMesh_02.uasset" 78
"../../../Engine/Content/Functions/Engine_MaterialFunctions02/Utility/BlendAngleCorrectedNormals.uasset" 79
"H:/Game_project/TankGame-master 4.22/Content/StarterContent/Textures/T_Detail_Rocky_N.uasset" 80
"H:/Game_project/TankGame-master 4.22/Content/StarterContent/Textures/T_RockMesh_M.uasset" 81
"H:/Game_project/TankGame-master 4.22/Content/StarterContent/Textures/T_RockMesh_N.uasset" 82
"H:/Game_project/TankGame-master 4.22/Content/StarterContent/Props/Materials/M_Rock.uasset" 83
"H:/Game_project/TankGame-master 4.22/Content/StarterContent/Props/SM_Rock.uasset" 84
"H:/Game_project/TankGame-master 4.22/Content/StarterContent/Textures/T_Shelf_M.uasset" 85
"H:/Game_project/TankGame-master 4.22/Content/StarterContent/Textures/T_Shelf_N.uasset" 86
"H:/Game_project/TankGame-master 4.22/Content/StarterContent/Props/Materials/M_Shelf.uasset" 87
"H:/Game_project/TankGame-master 4.22/Content/StarterContent/Props/SM_Shelf.uasset" 88
"H:/Game_project/TankGame-master 4.22/Content/StarterContent/Materials/M_Basic_Floor.uasset" 89
"H:/Game_project/TankGame-master 4.22/Content/StarterContent/Props/SM_Stairs.uasset" 90
"H:/Game_project/TankGame-master 4.22/Content/StarterContent/Shapes/Shape_Cone.uasset" 91
"H:/Game_project/TankGame-master 4.22/Content/StarterContent/Shapes/Shape_Cylinder.uasset" 92
"H:/Game_project/TankGame-master 4.22/Content/StarterContent/Shapes/Shape_NarrowCapsule.uasset" 93
"H:/Game_project/TankGame-master 4.22/Content/StarterContent/Shapes/Shape_Pipe.uasset" 94
"H:/Game_project/TankGame-master 4.22/Content/StarterContent/Shapes/Shape_Pipe_180.uasset" 95
"H:/Game_project/TankGame-master 4.22/Content/StarterContent/Shapes/Shape_Pipe_90.uasset" 96
"H:/Game_project/TankGame-master 4.22/Content/StarterContent/Shapes/Shape_Plane.uasset" 97
"H:/Game_project/TankGame-master 4.22/Content/StarterContent/Shapes/Shape_Torus.uasset" 98
"H:/Game_project/TankGame-master 4.22/Content/StarterContent/Shapes/Shape_Trim.uasset" 99
"H:/Game_project/TankGame-master 4.22/Content/StarterContent/Shapes/Shape_Trim_90_In.uasset" 100
"H:/Game_project/TankGame-master 4.22/Content/StarterContent/Shapes/Shape_Trim_90_Out.uasset" 101
"H:/Game_project/TankGame-master 4.22/Content/StarterContent/Shapes/Shape_TriPyramid.uasset" 102
"H:/Game_project/TankGame-master 4.22/Content/StarterContent/Shapes/Shape_Tube.uasset" 103
"H:/Game_project/TankGame-master 4.22/Content/StarterContent/Shapes/Shape_Wedge_A.uasset" 104
"H:/Game_project/TankGame-master 4.22/Content/StarterContent/Shapes/Shape_Wedge_B.uasset" 105
"H:/Game_project/TankGame-master 4.22/Content/StarterContent/Shapes/Shape_WideCapsule.uasset" 106
"../../../Engine/Content/Animation/DefaultAnimCurveCompressionSettings.uasset" 107
"../../../Engine/Content/ArtTools/RenderToTexture/Meshes/S_1_Unit_Plane.uasset" 108
"../../../Engine/Content/EngineMaterials/DefaultMaterial.uasset" 109
"../../../Engine/Content/BasicShapes/Cone.uasset" 110
"../../../Engine/Content/BasicShapes/Cylinder.uasset" 111
"../../../Engine/Content/BasicShapes/Plane.uasset" 112
"../../../Engine/Content/BasicShapes/Sphere.uasset" 113
"../../../Engine/Content/EditorLandscapeResources/DataLayer.uasset" 114
"../../../Engine/Content/EditorMaterials/GizmoMaterial.uasset" 115
"../../../Engine/Content/EditorMaterials/MAT_Groups_Toggle.uasset" 116
"../../../Engine/Content/EditorMaterials/MAT_Groups_Visibility.uasset" 117
"../../../Engine/Content/EditorMaterials/PreviewShadowIndicator.uasset" 118
"../../../Engine/Content/EditorMaterials/PreviewShadowIndicatorMaterial.uasset" 119
"../../../Engine/Content/EditorMaterials/MatineeGroups/MAT_ColorTrack.uasset" 120
"../../../Engine/Content/EditorMaterials/MatineeGroups/MAT_Groups_Anim.uasset" 121
"../../../Engine/Content/EditorMaterials/MatineeGroups/MAT_Groups_AudioMaster.uasset" 122
"../../../Engine/Content/EditorMaterials/MatineeGroups/MAT_Groups_Director.uasset" 123
"../../../Engine/Content/EditorMaterials/MatineeGroups/MAT_Groups_Event.uasset" 124
"../../../Engine/Content/EditorMaterials/MatineeGroups/MAT_Groups_Fade.uasset" 125
"../../../Engine/Content/EditorMaterials/MatineeGroups/MAT_Groups_Float.uasset" 126
"../../../Engine/Content/EditorMaterials/MatineeGroups/MAT_Groups_Move.uasset" 127
"../../../Engine/Content/EditorMaterials/MatineeGroups/MAT_Groups_Slomo.uasset" 128
"../../../Engine/Content/EditorMaterials/MatineeGroups/MAT_Groups_Sound.uasset" 129
"../../../Engine/Content/EditorMaterials/MatineeGroups/MAT_Groups_Vector.uasset" 130
"../../../Engine/Content/EditorMaterials/ParticleSystems/PSysThumbnail_NoImage.uasset" 131
"../../../Engine/Content/EditorMaterials/ParticleSystems/PSysThumbnail_OOD.uasset" 132
"../../../Engine/Content/EditorMaterials/Camera/CineMat.uasset" 133
"../../../Engine/Content/EditorMaterials/Camera/MI_CineMat_Rig.uasset" 134
"../../../Engine/Content/EditorMeshes/Camera/SM_CraneRig_Arm.uasset" 135
"../../../Engine/Content/EditorMeshes/Camera/SM_CraneRig_Base.uasset" 136
"../../../Engine/Content/EditorMeshes/Camera/SM_CraneRig_Body.uasset" 137
"../../../Engine/Content/EditorMeshes/Camera/SM_CraneRig_Mount.uasset" 138
"../../../Engine/Content/EditorMeshes/Camera/SM_RailRig_Mount.uasset" 139
"../../../Engine/Content/EditorMeshes/Camera/SM_RailRig_Track.uasset" 140
"../../../Engine/Content/EditorResources/BSPVertex.uasset" 141
"../../../Engine/Content/EditorResources/EmptyActor.uasset" 142
"../../../Engine/Content/EditorResources/S_Actor.uasset" 143
"../../../Engine/Content/EditorResources/S_Note.uasset" 144
"../../../Engine/Content/EditorResources/S_Trigger.uasset" 145
"../../../Engine/Content/EditorResources/AudioIcons/S_AudioComponent.uasset" 146
"../../../Engine/Content/EditorResources/AudioIcons/S_AudioComponent_AutoActivate.uasset" 147
"../../../Engine/Content/EditorResources/LightIcons/S_LightError.uasset" 148
"../../../Engine/Content/EditorResources/SequenceRecorder/Countdown.uasset" 149
"../../../Engine/Content/EditorResources/SequenceRecorder/RecordingIndicator.uasset" 150
"../../../Engine/Content/EditorSounds/Notifications/CompileFailed.uasset" 151
"../../../Engine/Content/EditorSounds/Notifications/CompileFailed_Cue.uasset" 152
"../../../Engine/Content/EditorSounds/Notifications/CompileSuccess.uasset" 153
"../../../Engine/Content/EditorSounds/Notifications/CompileStart_Cue.uasset" 154
"../../../Engine/Content/EditorSounds/Notifications/CompileSuccess_Cue.uasset" 155
"../../../Engine/Content/EngineDamageTypes/DmgTypeBP_Environmental.uasset" 156
"../../../Engine/Content/EngineDebugMaterials/HeatmapGradient.uasset" 157
"../../../Engine/Content/EngineDebugMaterials/BoneWeightMaterial.uasset" 158
"../../../Engine/Content/EngineDebugMaterials/ClothMaterial.uasset" 159
"../../../Engine/Content/EngineDebugMaterials/ClothMaterial_WF.uasset" 160
"../../../Engine/Content/EngineDebugMaterials/DebugEditorMaterial.uasset" 161
"../../../Engine/Content/EngineDebugMaterials/DebugMeshMaterial.uasset" 162
"../../../Engine/Content/EngineDebugMaterials/GeomMaterial.uasset" 163
"../../../Engine/Content/EngineDebugMaterials/M_SimpleTranslucent.uasset" 164
"../../../Engine/Content/EngineFonts/Faces/RobotoBold.uasset" 165
"../../../Engine/Content/EngineFonts/Faces/RobotoBoldItalic.uasset" 166
"../../../Engine/Content/EngineFonts/Faces/RobotoItalic.uasset" 167
"../../../Engine/Content/EngineFonts/Faces/RobotoLight.uasset" 168
"../../../Engine/Content/EngineFonts/Faces/RobotoRegular.uasset" 169
"../../../Engine/Content/EngineFonts/Roboto.uasset" 170
"../../../Engine/Content/EngineFonts/Faces/RobotoTiny.uasset" 171
"../../../Engine/Content/EngineFonts/RobotoTiny.uasset" 172
"../../../Engine/Content/EngineMaterials/BaseFlattenDiffuseMap.uasset" 173
"../../../Engine/Content/EngineMaterials/BaseFlattenEmissiveMap.uasset" 174
"../../../Engine/Content/EngineMaterials/BaseFlattenGrayscaleMap.uasset" 175
"../../../Engine/Content/EngineMaterials/BaseFlattenNormalMap.uasset" 176
"../../../Engine/Content/EngineMaterials/BaseFlattenMaterial.uasset" 177
"../../../Engine/Content/EngineMaterials/DefaultBloomKernel.uasset" 178
"../../../Engine/Content/EngineMaterials/DefaultBokeh.uasset" 179
"../../../Engine/Content/EngineMaterials/DefaultDiffuse.uasset" 180
"../../../Engine/Content/EngineMaterials/DefaultDeferredDecalMaterial.uasset" 181
"../../../Engine/Content/EngineMaterials/DefaultLightFunctionMaterial.uasset" 182
"../../../Engine/Content/Functions/Engine_MaterialFunctions02/Utility/BreakOutFloat2Components.uasset" 183
"../../../Engine/Content/EngineMaterials/DefaultPostProcessMaterial.uasset" 184
"../../../Engine/Content/EngineFonts/RobotoDistanceField.uasset" 185
"../../../Engine/Content/EngineMaterials/DefaultTextMaterialOpaque.uasset" 186
"../../../Engine/Content/EngineMaterials/DefaultWhiteGrid.uasset" 187
"../../../Engine/Content/EngineMaterials/EditorBrushMaterial.uasset" 188
"../../../Engine/Content/EngineMaterials/Good64x64TilingNoiseHighFreq.uasset" 189
"../../../Engine/Content/EngineMaterials/MiniFont.uasset" 190
"../../../Engine/Content/EngineMaterials/InvalidLightmapSettings.uasset" 191
"../../../Engine/Content/EngineMaterials/M_InvalidLightmapSettings.uasset" 192
"../../../Engine/Content/Functions/Engine_MaterialFunctions02/WorldPositionOffset/CameraOffset.uasset" 193
"../../../Engine/Content/EngineMaterials/PhAT_JointLimitMaterial.uasset" 194
"../../../Engine/Content/EngineMaterials/PreintegratedSkinBRDF.uasset" 195
"../../../Engine/Content/EngineMaterials/RemoveSurfaceMaterial.uasset" 196
"../../../Engine/Content/EngineMaterials/WeightMapPlaceholderTexture.uasset" 197
"../../../Engine/Content/EngineResources/WhiteSquareTexture.uasset" 198
"../../../Engine/Content/EngineMaterials/Widget3DPassThrough.uasset" 199
"../../../Engine/Content/EngineMaterials/Widget3DPassThrough_Masked.uasset" 200
"../../../Engine/Content/EngineMaterials/Widget3DPassThrough_Opaque.uasset" 201
"../../../Engine/Content/EngineMaterials/Widget3DPassThrough_Masked_OneSided.uasset" 202
"../../../Engine/Content/EngineMaterials/Widget3DPassThrough_Opaque_OneSided.uasset" 203
"../../../Engine/Content/EngineMaterials/Widget3DPassThrough_Translucent.uasset" 204
"../../../Engine/Content/EngineMaterials/Widget3DPassThrough_Translucent_OneSided.uasset" 205
"../../../Engine/Content/EngineMeshes/Cylinder.uasset" 206
"../../../Engine/Content/EngineMeshes/Sphere.uasset" 207
"../../../Engine/Content/EngineResources/Black.uasset" 208
"../../../Engine/Content/EngineResources/DefaultTexture.uasset" 209
"../../../Engine/Content/EngineResources/DefaultTextureCube.uasset" 210
"../../../Engine/Content/EngineResources/DefaultVolumeTexture2D.uasset" 211
"../../../Engine/Content/EngineResources/DefaultVolumeTexture.uasset" 212
"../../../Engine/Content/EngineResources/GradientTexture0.uasset" 213
"../../../Engine/Content/EngineSounds/Master.uasset" 214
"../../../Engine/Content/Functions/Engine_MaterialFunctions01/Shading/ConvertFromDiffSpec.uasset" 215
"../../../Engine/Content/Functions/Engine_MaterialFunctions01/Shading/PowerToRoughness.uasset" 216
"../../../Engine/Content/Maps/Templates/Thumbnails/Default.uasset" 217
"../../../Engine/Content/Maps/Templates/Thumbnails/VR-Basic.uasset" 218
"../../../Engine/Content/MobileResources/T_MobileControls_texture.uasset" 219
"../../../Engine/Content/MobileResources/T_MobileMenu2.uasset" 220
"../../../Engine/Content/MobileResources/HUD/AnalogHat.uasset" 221
"../../../Engine/Content/MobileResources/HUD/VirtualJoystick_Background.uasset" 222
"../../../Engine/Content/MobileResources/HUD/VirtualJoystick_Thumb.uasset" 223
"../../../Engine/Content/MobileResources/HUD/DefaultVirtualJoysticks.uasset" 224
"../../../Engine/Content/MobileResources/HUD/LeftVirtualJoystickOnly.uasset" 225
"../../../Engine/Content/MobileResources/HUD/MobileHUDButton1_off.uasset" 226
"../../../Engine/Content/MobileResources/HUD/MobileHUDButton1_on.uasset" 227
"../../../Engine/Content/MobileResources/HUD/MobileHUDButton2_off.uasset" 228
"../../../Engine/Content/MobileResources/HUD/MobileHUDButton2_on.uasset" 229
"../../../Engine/Content/MobileResources/HUD/MobileHUDButton3.uasset" 230
"../../../Engine/Content/MobileResources/HUD/MobileHUDButtonFire.uasset" 231
"../../../Engine/Content/MobileResources/HUD/MobileHUDDirectionPad.uasset" 232
"../../../Engine/Content/MobileResources/HUD/MobileHUDDirectionPad2.uasset" 233
"../../../Engine/Content/MobileResources/HUD/MobileHUDDirectionPad3.uasset" 234
"../../../Engine/Content/MobileResources/HUD/MobileHUDDirectionStick.uasset" 235
"../../../Engine/Content/MobileResources/HUD/T_Castle_ThumbstickInner.uasset" 236
"../../../Engine/Content/MobileResources/HUD/T_Castle_ThumbstickOutter.uasset" 237
"../../../Engine/Content/Tutorial/ContentIntroCurve.uasset" 238
"../../../Engine/Content/Tutorial/Basics/LevelEditorAttract.uasset" 239
"../../../Engine/Content/Tutorial/Basics/TutorialAssets/icon_tab_Levels_40x.uasset" 240
"../../../Engine/Content/Tutorial/Basics/LevelEditorOverview.uasset" 241
"../../../Engine/Content/Tutorial/BlueprintTutorials/TutorialAssets/Blueprint_64x.uasset" 242
"../../../Engine/Content/Tutorial/BlueprintTutorials/LevelBlueprintEditorOverview.uasset" 243
"../../../Engine/Content/VREditor/LaserPointer/VR_LaserPower_01.uasset" 244
"../../../Engine/Content/VREditor/TransformGizmo/TransformGizmoMaterial.uasset" 245
"../../../Engine/Content/VREditor/TransformGizmo/TranslucentTransformGizmoMaterial.uasset" 246
"../../../Engine/Content/VREditor/TransformGizmo/BoundingBoxCorner.uasset" 247
"../../../Engine/Content/VREditor/TransformGizmo/BoundingBoxEdge.uasset" 248
"../../../Engine/Content/VREditor/TransformGizmo/PlaneTranslationHandle.uasset" 249
"../../../Engine/Content/VREditor/TransformGizmo/Main.uasset" 250
"../../../Engine/Content/VREditor/TransformGizmo/Xray.uasset" 251
"../../../Engine/Content/VREditor/TransformGizmo/SM_Sequencer_Key.uasset" 252
"../../../Engine/Content/VREditor/TransformGizmo/SM_Sequencer_Node.uasset" 253
"../../Plugins/2D/Paper2D/Content/PlaceholderTextures/DummySpriteTexture.uasset" 254
"../../Plugins/2D/Paper2D/Content/DummySprite.uasset" 255
"../../Plugins/2D/Paper2D/Content/DefaultPaperTerrainMaterial.uasset" 256
"../../Plugins/2D/Paper2D/Content/DummySpriteTexture.uasset" 257
"../../Plugins/2D/Paper2D/Content/DefaultSpriteMaterial.uasset" 258
"../../Plugins/2D/Paper2D/Content/MaskedUnlitSpriteMaterial.uasset" 259
"../../Plugins/2D/Paper2D/Content/OpaqueUnlitSpriteMaterial.uasset" 260
"../../Plugins/Runtime/Oculus/OculusVR/Content/OculusMR_RenderTarget.uasset" 261
"../../../Engine/Content/Functions/Engine_MaterialFunctions02/Utility/BreakOutFloat4Components.uasset" 262
"../../../Engine/Content/Functions/Engine_MaterialFunctions02/Utility/MakeFloat2.uasset" 263
"../../../Engine/Content/Functions/Engine_MaterialFunctions02/Utility/MakeFloat3.uasset" 264
"../../Plugins/Runtime/Oculus/OculusVR/Content/Materials/OculusMR_ChromaKey.uasset" 265
"../../Plugins/Runtime/Oculus/OculusVR/Content/Materials/OculusMR_ChromaKey_Lit.uasset" 266
"../../Plugins/Runtime/Oculus/OculusVR/Content/Materials/OculusMR_OpaqueColoredMaterial.uasset" 267
"../../Plugins/Runtime/Oculus/OculusVR/Content/Materials/OculusMR_WhiteMaterial.uasset" 268
"../../Plugins/Runtime/Oculus/OculusVR/Content/Materials/PokeAHoleMaterial.uasset" 269
"../../Plugins/Runtime/Oculus/OculusVR/Content/Textures/GearVRController_AO.uasset" 270
"../../Plugins/Runtime/Oculus/OculusVR/Content/Textures/GearVRController_Color.uasset" 271
"../../Plugins/Runtime/Oculus/OculusVR/Content/Textures/GearVRController_Normal.uasset" 272
"../../Plugins/Runtime/Oculus/OculusVR/Content/Materials/GearVRControllerMaterial.uasset" 273
"../../Plugins/Runtime/Oculus/OculusVR/Content/Meshes/GearVrController.uasset" 274
"../../Plugins/Runtime/Oculus/OculusVR/Content/Textures/touchController_albedo.uasset" 275
"../../Plugins/Runtime/Oculus/OculusVR/Content/Textures/touchController_controlmap.uasset" 276
"../../Plugins/Runtime/Oculus/OculusVR/Content/Materials/touchController_mat.uasset" 277
"../../Plugins/Runtime/Oculus/OculusVR/Content/Meshes/LeftTouchController.uasset" 278
"../../Plugins/Runtime/Oculus/OculusVR/Content/Meshes/RiftHMD.uasset" 279
"../../Plugins/Runtime/Oculus/OculusVR/Content/Meshes/RightTouchController.uasset" 280
"../../../Engine/Content/EditorBlueprintResources/StandardMacros.uasset" 281
"../../../Engine/Content/EngineSky/C_Sky_Cloud_Color.uasset" 282
"../../../Engine/Content/EngineSky/C_Sky_Horizon_Color.uasset" 283
"../../../Engine/Content/EngineSky/C_Sky_Zenith_Color.uasset" 284
"../../../Engine/Content/EngineSky/T_Sky_Blue.uasset" 285
"../../../Engine/Content/EngineSky/T_Sky_Clouds_M.uasset" 286
"../../../Engine/Content/EngineSky/T_Sky_Stars.uasset" 287
"../../../Engine/Content/EngineSky/M_Sky_Panning_Clouds2.uasset" 288
"../../../Engine/Content/EngineSky/SM_SkySphere.uasset" 289
"../../../Engine/Content/EngineSky/BP_Sky_Sphere.uasset" 290
"H:/Game_project/TankGame-master 4.22/Content/Assests/foliage/grass0.uasset" 291
"H:/Game_project/TankGame-master 4.22/Content/Assests/foliage/rock.uasset" 292
"H:/Game_project/TankGame-master 4.22/Content/Assests/foliage/tree.uasset" 293
"H:/Game_project/TankGame-master 4.22/Content/Maps/All_BuiltData.uasset" 294
"../../../Engine/Content/BasicShapes/BasicShapeMaterial.uasset" 295
"H:/Game_project/TankGame-master 4.22/Content/StarterContent/Textures/T_Ground_Grass_D.uasset" 296
"H:/Game_project/TankGame-master 4.22/Content/StarterContent/Textures/T_Ground_Grass_N.uasset" 297
"H:/Game_project/TankGame-master 4.22/Content/StarterContent/Textures/T_MacroVariation.uasset" 298
"H:/Game_project/TankGame-master 4.22/Content/StarterContent/Textures/T_Perlin_Noise_M.uasset" 299
"H:/Game_project/TankGame-master 4.22/Content/StarterContent/Materials/M_Ground_Grass.uasset" 300
"../../../Engine/Content/BasicShapes/Cube.uasset" 301
"../../../Engine/Content/EngineMaterials/DefaultPhysicalMaterial.uasset" 302
"H:/Game_project/TankGame-master 4.22/Content/Maps/All.umap" 303
"H:/Game_project/TankGame-master 4.22/Content/Assests/M_White.uasset" 304
"H:/Game_project/TankGame-master 4.22/Content/Maps/BOIDS.umap" 305
"H:/Game_project/TankGame-master 4.22/Content/Assests/M_Black.uasset" 306
"H:/Game_project/TankGame-master 4.22/Content/Maps/MMAS.umap" 307
"H:/Game_project/TankGame-master 4.22/Content/Maps/MPL_BuiltData.uasset" 308
"H:/Game_project/TankGame-master 4.22/Content/Maps/MPL.umap" 309
"../../../Engine/Content/MapTemplates/SM_Template_Map_Floor.uasset" 310
"H:/Game_project/TankGame-master 4.22/Content/Maps/SingleMap.umap" 311
"H:/Game_project/TankGame-master 4.22/Content/StarterContent/Blueprints/Assets/FogBrightnessLUT.uasset" 312
"H:/Game_project/TankGame-master 4.22/Content/StarterContent/Blueprints/Assets/SunlightColorLUT.uasset" 313
"H:/Game_project/TankGame-master 4.22/Content/StarterContent/Blueprints/Assets/M_LightStage_Arrows.uasset" 314
"../../../Engine/Content/MapTemplates/Sky/DaylightAmbientCubemap.uasset" 315
"H:/Game_project/TankGame-master 4.22/Content/StarterContent/Blueprints/Assets/M_LightStage_Skybox_Master.uasset" 316
"H:/Game_project/TankGame-master 4.22/Content/StarterContent/Blueprints/Assets/M_LightStage_Skybox_Black.uasset" 317
"H:/Game_project/TankGame-master 4.22/Content/StarterContent/Blueprints/Assets/M_LightStage_Skybox_HDRI.uasset" 318
"../../../Engine/Content/EditorMaterials/Thumbnails/SkySphereMaterial.uasset" 319
"H:/Game_project/TankGame-master 4.22/Content/StarterContent/Blueprints/Assets/Skybox.uasset" 320
"H:/Game_project/TankGame-master 4.22/Content/StarterContent/Blueprints/Assets/SM_Arrows.uasset" 321
"H:/Game_project/TankGame-master 4.22/Content/StarterContent/HDRI/HDRI_Epic_Courtyard_Daylight.uasset" 322
"H:/Game_project/TankGame-master 4.22/Content/StarterContent/Blueprints/BP_LightStudio.uasset" 323
"H:/Game_project/TankGame-master 4.22/Content/StarterContent/Maps/Advanced_Lighting_BuiltData.uasset" 324
"H:/Game_project/TankGame-master 4.22/Content/StarterContent/Materials/M_AssetPlatform.uasset" 325
"../../../Engine/Content/EditorMeshes/ColorCalibrator/M_ChromeBall.uasset" 326
"../../../Engine/Content/EditorMeshes/ColorCalibrator/M_ClearCoat.uasset" 327
"../../../Engine/Content/EditorMeshes/ColorCalibrator/M_ClearCoatBlack.uasset" 328
"../../../Engine/Content/EditorMeshes/ColorCalibrator/Color_checker.uasset" 329
"../../../Engine/Content/EditorMeshes/ColorCalibrator/M_ColorGrid.uasset" 330
"../../../Engine/Content/EditorMeshes/ColorCalibrator/M_GreyBall.uasset" 331
"../../../Engine/Content/EditorMeshes/ColorCalibrator/SM_ColorCalibrator.uasset" 332
"H:/Game_project/TankGame-master 4.22/Content/StarterContent/Architecture/SM_AssetPlatform.uasset" 333
"H:/Game_project/TankGame-master 4.22/Content/StarterContent/Maps/Advanced_Lighting.umap" 334
"H:/Game_project/TankGame-master 4.22/Content/StarterContent/Maps/Minimal_Default_BuiltData.uasset" 335
"H:/Game_project/TankGame-master 4.22/Content/StarterContent/Materials/M_Metal_Brushed_Nickel.uasset" 336
"H:/Game_project/TankGame-master 4.22/Content/StarterContent/Textures/T_Metal_Aluminum_D.uasset" 337
"H:/Game_project/TankGame-master 4.22/Content/StarterContent/Textures/T_Metal_Gold_N.uasset" 338
"H:/Game_project/TankGame-master 4.22/Content/StarterContent/Materials/M_Metal_Burnished_Steel.uasset" 339
"H:/Game_project/TankGame-master 4.22/Content/StarterContent/Textures/T_Metal_Copper_D.uasset" 340
"H:/Game_project/TankGame-master 4.22/Content/StarterContent/Materials/M_Metal_Copper.uasset" 341
"H:/Game_project/TankGame-master 4.22/Content/StarterContent/Textures/T_Statue_M.uasset" 342
"H:/Game_project/TankGame-master 4.22/Content/StarterContent/Textures/T_Statue_N.uasset" 343
"H:/Game_project/TankGame-master 4.22/Content/StarterContent/Props/Materials/M_StatueGlass.uasset" 344
"H:/Game_project/TankGame-master 4.22/Content/StarterContent/Architecture/Floor_400x400.uasset" 345
"H:/Game_project/TankGame-master 4.22/Content/StarterContent/Audio/Starter_Background_Cue.uasset" 346
"H:/Game_project/TankGame-master 4.22/Content/StarterContent/Props/SM_Chair.uasset" 347
"H:/Game_project/TankGame-master 4.22/Content/StarterContent/Props/Materials/M_Statue.uasset" 348
"H:/Game_project/TankGame-master 4.22/Content/StarterContent/Props/SM_Statue.uasset" 349
"H:/Game_project/TankGame-master 4.22/Content/StarterContent/Textures/T_TableRound_M.uasset" 350
"H:/Game_project/TankGame-master 4.22/Content/StarterContent/Textures/T_TableRound_N.uasset" 351
"H:/Game_project/TankGame-master 4.22/Content/StarterContent/Props/Materials/M_TableRound.uasset" 352
"H:/Game_project/TankGame-master 4.22/Content/StarterContent/Props/SM_TableRound.uasset" 353
"H:/Game_project/TankGame-master 4.22/Content/StarterContent/Maps/Minimal_Default.umap" 354
"H:/Game_project/TankGame-master 4.22/Content/StarterContent/Audio/Fire01_Cue.uasset" 355
"H:/Game_project/TankGame-master 4.22/Content/StarterContent/Textures/T_Fire_SubUV.uasset" 356
"H:/Game_project/TankGame-master 4.22/Content/StarterContent/Textures/T_Fire_Tiled_D.uasset" 357
"H:/Game_project/TankGame-master 4.22/Content/StarterContent/Particles/Materials/M_Fire_SubUV.uasset" 358
"H:/Game_project/TankGame-master 4.22/Content/StarterContent/Textures/T_Water_N.uasset" 359
"H:/Game_project/TankGame-master 4.22/Content/StarterContent/Particles/Materials/M_Heat_Distortion.uasset" 360
"H:/Game_project/TankGame-master 4.22/Content/StarterContent/Particles/Materials/M_Radial_Gradient.uasset" 361
"H:/Game_project/TankGame-master 4.22/Content/StarterContent/Particles/P_Fire.uasset" 362
"H:/Game_project/TankGame-master 4.22/Content/StarterContent/Blueprints/Blueprint_Effect_Fire.uasset" 363
"H:/Game_project/TankGame-master 4.22/Content/StarterContent/Audio/Smoke01_Cue.uasset" 364
"H:/Game_project/TankGame-master 4.22/Content/StarterContent/Particles/P_Smoke.uasset" 365
"H:/Game_project/TankGame-master 4.22/Content/StarterContent/Blueprints/Blueprint_Effect_Smoke.uasset" 366
"H:/Game_project/TankGame-master 4.22/Content/StarterContent/Audio/Fire_Sparks01_Cue.uasset" 367
"H:/Game_project/TankGame-master 4.22/Content/StarterContent/Textures/T_Spark_Core.uasset" 368
"H:/Game_project/TankGame-master 4.22/Content/StarterContent/Particles/Materials/M_Spark.uasset" 369
"H:/Game_project/TankGame-master 4.22/Content/StarterContent/Particles/P_Sparks.uasset" 370
"H:/Game_project/TankGame-master 4.22/Content/StarterContent/Blueprints/Blueprint_Effect_Sparks.uasset" 371
"H:/Game_project/TankGame-master 4.22/Content/StarterContent/Audio/Steam01_Cue.uasset" 372
"H:/Game_project/TankGame-master 4.22/Content/StarterContent/Particles/P_Steam_Lit.uasset" 373
"H:/Game_project/TankGame-master 4.22/Content/StarterContent/Blueprints/Blueprint_Effect_Steam.uasset" 374
"H:/Game_project/TankGame-master 4.22/Content/StarterContent/Textures/T_Lamp_M.uasset" 375
"H:/Game_project/TankGame-master 4.22/Content/StarterContent/Textures/T_Lamp_N.uasset" 376
"H:/Game_project/TankGame-master 4.22/Content/StarterContent/Props/Materials/M_Lamp.uasset" 377
"H:/Game_project/TankGame-master 4.22/Content/StarterContent/Props/SM_Lamp_Ceiling.uasset" 378
"H:/Game_project/TankGame-master 4.22/Content/StarterContent/Blueprints/Blueprint_CeilingLight.uasset" 379
"H:/Game_project/TankGame-master 4.22/Content/StarterContent/Props/SM_Lamp_Wall.uasset" 380
"H:/Game_project/TankGame-master 4.22/Content/StarterContent/Blueprints/Blueprint_WallSconce.uasset" 381
"H:/Game_project/TankGame-master 4.22/Content/StarterContent/Maps/StarterMap_BuiltData.uasset" 382
"../../../Engine/Content/Functions/Engine_MaterialFunctions03/Procedurals/ComputeFilterWidth.uasset" 383
"../../../Engine/Content/EngineMaterials/AntiAliasedTextMaterialTranslucent.uasset" 384
"H:/Game_project/TankGame-master 4.22/Content/StarterContent/Textures/T_Brick_Clay_Beveled_D.uasset" 385
"H:/Game_project/TankGame-master 4.22/Content/StarterContent/Textures/T_Brick_Clay_Beveled_M.uasset" 386
"H:/Game_project/TankGame-master 4.22/Content/StarterContent/Textures/T_Brick_Clay_Beveled_N.uasset" 387
"H:/Game_project/TankGame-master 4.22/Content/StarterContent/Materials/M_Brick_Clay_Beveled.uasset" 388
"H:/Game_project/TankGame-master 4.22/Content/StarterContent/Textures/T_Brick_Clay_New_D.uasset" 389
"H:/Game_project/TankGame-master 4.22/Content/StarterContent/Textures/T_Brick_Clay_New_M.uasset" 390
"H:/Game_project/TankGame-master 4.22/Content/StarterContent/Textures/T_Brick_Clay_New_N.uasset" 391
"H:/Game_project/TankGame-master 4.22/Content/StarterContent/Materials/M_Brick_Clay_New.uasset" 392
"H:/Game_project/TankGame-master 4.22/Content/StarterContent/Textures/T_Brick_Clay_Old_D.uasset" 393
"H:/Game_project/TankGame-master 4.22/Content/StarterContent/Textures/T_Brick_Clay_Old_N.uasset" 394
"H:/Game_project/TankGame-master 4.22/Content/StarterContent/Materials/M_Brick_Clay_Old.uasset" 395
"H:/Game_project/TankGame-master 4.22/Content/StarterContent/Textures/T_Brick_Cut_Stone_D.uasset" 396
"H:/Game_project/TankGame-master 4.22/Content/StarterContent/Textures/T_Brick_Cut_Stone_N.uasset" 397
"H:/Game_project/TankGame-master 4.22/Content/StarterContent/Materials/M_Brick_Cut_Stone.uasset" 398
"H:/Game_project/TankGame-master 4.22/Content/StarterContent/Textures/T_Brick_Hewn_Stone_D.uasset" 399
"H:/Game_project/TankGame-master 4.22/Content/StarterContent/Textures/T_Brick_Hewn_Stone_M.uasset" 400
"H:/Game_project/TankGame-master 4.22/Content/StarterContent/Textures/T_Brick_Hewn_Stone_N.uasset" 401
"H:/Game_project/TankGame-master 4.22/Content/StarterContent/Materials/M_Brick_Hewn_Stone.uasset" 402
"H:/Game_project/TankGame-master 4.22/Content/StarterContent/Textures/T_Ceramic_Tile_M.uasset" 403
"H:/Game_project/TankGame-master 4.22/Content/StarterContent/Textures/T_Ceramic_Tile_N.uasset" 404
"H:/Game_project/TankGame-master 4.22/Content/StarterContent/Textures/T_Rock_Marble_Polished_D.uasset" 405
"H:/Game_project/TankGame-master 4.22/Content/StarterContent/Materials/M_Ceramic_Tile_Checker.uasset" 406
"H:/Game_project/TankGame-master 4.22/Content/StarterContent/Textures/T_CobbleStone_Pebble_D.uasset" 407
"H:/Game_project/TankGame-master 4.22/Content/StarterContent/Textures/T_CobbleStone_Pebble_M.uasset" 408
"H:/Game_project/TankGame-master 4.22/Content/StarterContent/Textures/T_CobbleStone_Pebble_N.uasset" 409
"H:/Game_project/TankGame-master 4.22/Content/StarterContent/Materials/M_CobbleStone_Pebble.uasset" 410
"H:/Game_project/TankGame-master 4.22/Content/StarterContent/Textures/T_CobbleStone_Rough_D.uasset" 411
"H:/Game_project/TankGame-master 4.22/Content/StarterContent/Textures/T_CobbleStone_Rough_N.uasset" 412
"H:/Game_project/TankGame-master 4.22/Content/StarterContent/Textures/T_Gradinet_01.uasset" 413
"H:/Game_project/TankGame-master 4.22/Content/StarterContent/Textures/T_Rock_Smooth_Granite_D.uasset" 414
"H:/Game_project/TankGame-master 4.22/Content/StarterContent/Materials/M_CobbleStone_Rough.uasset" 415
"H:/Game_project/TankGame-master 4.22/Content/StarterContent/Textures/T_CobbleStone_Smooth_D.uasset" 416
"H:/Game_project/TankGame-master 4.22/Content/StarterContent/Textures/T_CobbleStone_Smooth_M.uasset" 417
"H:/Game_project/TankGame-master 4.22/Content/StarterContent/Textures/T_CobbleStone_Smooth_N.uasset" 418
"H:/Game_project/TankGame-master 4.22/Content/StarterContent/Materials/M_CobbleStone_Smooth.uasset" 419
"H:/Game_project/TankGame-master 4.22/Content/StarterContent/Textures/T_Concrete_Grime_D.uasset" 420
"H:/Game_project/TankGame-master 4.22/Content/StarterContent/Textures/T_Metal_Rust_N.uasset" 421
"H:/Game_project/TankGame-master 4.22/Content/StarterContent/Materials/M_Concrete_Grime.uasset" 422
"H:/Game_project/TankGame-master 4.22/Content/StarterContent/Textures/T_Concrete_Panels_D.uasset" 423
"H:/Game_project/TankGame-master 4.22/Content/StarterContent/Textures/T_Concrete_Panels_N.uasset" 424
"H:/Game_project/TankGame-master 4.22/Content/StarterContent/Materials/M_Concrete_Panels.uasset" 425
"H:/Game_project/TankGame-master 4.22/Content/StarterContent/Textures/T_Concrete_Poured_D.uasset" 426
"H:/Game_project/TankGame-master 4.22/Content/StarterContent/Textures/T_Concrete_Poured_N.uasset" 427
"H:/Game_project/TankGame-master 4.22/Content/StarterContent/Materials/M_Concrete_Poured.uasset" 428
"H:/Game_project/TankGame-master 4.22/Content/StarterContent/Textures/T_Concrete_Tiles_D.uasset" 429
"H:/Game_project/TankGame-master 4.22/Content/StarterContent/Textures/T_Concrete_Tiles_M.uasset" 430
"H:/Game_project/TankGame-master 4.22/Content/StarterContent/Textures/T_Concrete_Tiles_N.uasset" 431
"H:/Game_project/TankGame-master 4.22/Content/StarterContent/Textures/T_Concrete_Tiles_Variation_M.uasset" 432
"H:/Game_project/TankGame-master 4.22/Content/StarterContent/Materials/M_Concrete_Tiles.uasset" 433
"H:/Game_project/TankGame-master 4.22/Content/StarterContent/Textures/T_Ground_Gravel_D.uasset" 434
"H:/Game_project/TankGame-master 4.22/Content/StarterContent/Textures/T_Ground_Gravel_N.uasset" 435
"H:/Game_project/TankGame-master 4.22/Content/StarterContent/Materials/M_Ground_Gravel.uasset" 436
"H:/Game_project/TankGame-master 4.22/Content/StarterContent/Textures/T_Ground_Moss_N.uasset" 437
"H:/Game_project/TankGame-master 4.22/Content/StarterContent/Materials/M_Ground_Moss.uasset" 438
"H:/Game_project/TankGame-master 4.22/Content/StarterContent/Materials/M_Metal_Chrome.uasset" 439
"H:/Game_project/TankGame-master 4.22/Content/StarterContent/Textures/T_Metal_Gold_D.uasset" 440
"H:/Game_project/TankGame-master 4.22/Content/StarterContent/Materials/M_Metal_Gold.uasset" 441
"H:/Game_project/TankGame-master 4.22/Content/StarterContent/Textures/T_Metal_Rust_D.uasset" 442
"H:/Game_project/TankGame-master 4.22/Content/StarterContent/Materials/M_Metal_Rust.uasset" 443
"H:/Game_project/TankGame-master 4.22/Content/StarterContent/Textures/T_Metal_Steel_D.uasset" 444
"H:/Game_project/TankGame-master 4.22/Content/StarterContent/Textures/T_Metal_Steel_N.uasset" 445
"H:/Game_project/TankGame-master 4.22/Content/StarterContent/Materials/M_Metal_Steel.uasset" 446
"H:/Game_project/TankGame-master 4.22/Content/StarterContent/Textures/T_Rock_Basalt_N.uasset" 447
"H:/Game_project/TankGame-master 4.22/Content/StarterContent/Materials/M_Rock_Basalt.uasset" 448
"H:/Game_project/TankGame-master 4.22/Content/StarterContent/Materials/M_Rock_Marble_Polished.uasset" 449
"H:/Game_project/TankGame-master 4.22/Content/StarterContent/Textures/T_Rock_Sandstone_D.uasset" 450
"H:/Game_project/TankGame-master 4.22/Content/StarterContent/Textures/T_Rock_Sandstone_N.uasset" 451
"H:/Game_project/TankGame-master 4.22/Content/StarterContent/Materials/M_Rock_Sandstone.uasset" 452
"H:/Game_project/TankGame-master 4.22/Content/StarterContent/Textures/T_Rock_Slate_D.uasset" 453
"H:/Game_project/TankGame-master 4.22/Content/StarterContent/Textures/T_Rock_Slate_N.uasset" 454
"H:/Game_project/TankGame-master 4.22/Content/StarterContent/Materials/M_Rock_Slate.uasset" 455
"H:/Game_project/TankGame-master 4.22/Content/StarterContent/Textures/T_Checker_Noise_M.uasset" 456
"H:/Game_project/TankGame-master 4.22/Content/StarterContent/Textures/T_Single_Tile_N.uasset" 457
"H:/Game_project/TankGame-master 4.22/Content/StarterContent/Textures/T_Tech_Dot_M.uasset" 458
"H:/Game_project/TankGame-master 4.22/Content/StarterContent/Textures/T_Tech_Dot_N.uasset" 459
"H:/Game_project/TankGame-master 4.22/Content/StarterContent/Materials/M_Tech_Checker_Dot.uasset" 460
"H:/Game_project/TankGame-master 4.22/Content/StarterContent/Textures/T_Tech_Hex_Tile_M.uasset" 461
"H:/Game_project/TankGame-master 4.22/Content/StarterContent/Textures/T_Tech_Hex_Tile_N.uasset" 462
"H:/Game_project/TankGame-master 4.22/Content/StarterContent/Materials/M_Tech_Hex_Tile.uasset" 463
"H:/Game_project/TankGame-master 4.22/Content/StarterContent/Materials/M_Tech_Hex_Tile_Pulse.uasset" 464
"H:/Game_project/TankGame-master 4.22/Content/StarterContent/Textures/T_Tech_Panel_M.uasset" 465
"H:/Game_project/TankGame-master 4.22/Content/StarterContent/Textures/T_Tech_Panel_N.uasset" 466
"H:/Game_project/TankGame-master 4.22/Content/StarterContent/Materials/M_Tech_Panel.uasset" 467
"H:/Game_project/TankGame-master 4.22/Content/StarterContent/Materials/M_Water_Lake.uasset" 468
"H:/Game_project/TankGame-master 4.22/Content/StarterContent/Textures/T_Water_M.uasset" 469
"H:/Game_project/TankGame-master 4.22/Content/StarterContent/Materials/M_Water_Ocean.uasset" 470
"H:/Game_project/TankGame-master 4.22/Content/StarterContent/Textures/T_Wood_Floor_Walnut_D.uasset" 471
"H:/Game_project/TankGame-master 4.22/Content/StarterContent/Textures/T_Wood_Floor_Walnut_M.uasset" 472
"H:/Game_project/TankGame-master 4.22/Content/StarterContent/Textures/T_Wood_Floor_Walnut_N.uasset" 473
"H:/Game_project/TankGame-master 4.22/Content/StarterContent/Materials/M_Wood_Floor_Walnut_Polished.uasset" 474
"../../../Engine/Content/Functions/Engine_MaterialFunctions01/Opacity/AlphaOffset.uasset" 475
"H:/Game_project/TankGame-master 4.22/Content/StarterContent/Materials/M_Wood_Floor_Walnut_Worn.uasset" 476
"H:/Game_project/TankGame-master 4.22/Content/StarterContent/Textures/T_Wood_Oak_D.uasset" 477
"H:/Game_project/TankGame-master 4.22/Content/StarterContent/Textures/T_Wood_Oak_N.uasset" 478
"H:/Game_project/TankGame-master 4.22/Content/StarterContent/Materials/M_Wood_Oak.uasset" 479
"H:/Game_project/TankGame-master 4.22/Content/StarterContent/Textures/T_Wood_Pine_D.uasset" 480
"H:/Game_project/TankGame-master 4.22/Content/StarterContent/Textures/T_Wood_Pine_N.uasset" 481
"H:/Game_project/TankGame-master 4.22/Content/StarterContent/Materials/M_Wood_Pine.uasset" 482
"H:/Game_project/TankGame-master 4.22/Content/StarterContent/Textures/T_Wood_Walnut_D.uasset" 483
"H:/Game_project/TankGame-master 4.22/Content/StarterContent/Textures/T_Wood_Walnut_N.uasset" 484
"H:/Game_project/TankGame-master 4.22/Content/StarterContent/Materials/M_Wood_Walnut.uasset" 485
"H:/Game_project/TankGame-master 4.22/Content/StarterContent/Architecture/Wall_400x200.uasset" 486
"H:/Game_project/TankGame-master 4.22/Content/StarterContent/Architecture/Wall_Door_400x300.uasset" 487
"H:/Game_project/TankGame-master 4.22/Content/StarterContent/Architecture/Wall_Window_400x300.uasset" 488
"H:/Game_project/TankGame-master 4.22/Content/StarterContent/Audio/Collapse_Cue.uasset" 489
"H:/Game_project/TankGame-master 4.22/Content/StarterContent/Audio/Starter_Music_Cue.uasset" 490
"H:/Game_project/TankGame-master 4.22/Content/StarterContent/Textures/T_Dust_Particle_D.uasset" 491
"H:/Game_project/TankGame-master 4.22/Content/StarterContent/Particles/Materials/M_Dust_Particle.uasset" 492
"H:/Game_project/TankGame-master 4.22/Content/StarterContent/Particles/P_Ambient_Dust.uasset" 493
"H:/Game_project/TankGame-master 4.22/Content/StarterContent/Props/MaterialSphere.uasset" 494
"H:/Game_project/TankGame-master 4.22/Content/StarterContent/Textures/T_Frame_M.uasset" 495
"H:/Game_project/TankGame-master 4.22/Content/StarterContent/Textures/T_Frame_N.uasset" 496
"H:/Game_project/TankGame-master 4.22/Content/StarterContent/Props/Materials/M_Frame.uasset" 497
"H:/Game_project/TankGame-master 4.22/Content/StarterContent/Props/SM_CornerFrame.uasset" 498
"H:/Game_project/TankGame-master 4.22/Content/StarterContent/Props/SM_DoorFrame.uasset" 499
"H:/Game_project/TankGame-master 4.22/Content/StarterContent/Props/SM_GlassWindow.uasset" 500
"H:/Game_project/TankGame-master 4.22/Content/StarterContent/Props/SM_PillarFrame.uasset" 501
"H:/Game_project/TankGame-master 4.22/Content/StarterContent/Props/SM_PillarFrame300.uasset" 502
"H:/Game_project/TankGame-master 4.22/Content/StarterContent/Props/SM_WindowFrame.uasset" 503
"H:/Game_project/TankGame-master 4.22/Content/StarterContent/Shapes/Shape_Cube.uasset" 504
"H:/Game_project/TankGame-master 4.22/Content/StarterContent/Shapes/Shape_QuadPyramid.uasset" 505
"H:/Game_project/TankGame-master 4.22/Content/StarterContent/Maps/StarterMap.umap" 506
"../../../Engine/Content/Maps/Entry_BuiltData.uasset" 507
"../../../Engine/Content/Maps/Entry.umap" 508
